<?xml version="1.0" encoding="UTF-8"?>
<!-- Generated by org.testng.reporters.JUnitXMLReporter -->
<testsuite hostname="DESKTOP-KPGOHHF" ignored="3" name="Patient casesheet" tests="12" failures="1" timestamp="17 Sep 2018 07:23:39 GMT" time="522.269" errors="0">
  <testcase name="initialization" time="27.251" classname="com.pellu.sight.patientinfo.Patienttestcase"/>
  <testcase name="login" time="31.481" classname="com.pellu.sight.patientinfo.Patienttestcase"/>
  <testcase name="campdetailscreen" time="27.735" classname="com.pellu.sight.patientinfo.Patienttestcase"/>
  <testcase name="multipatientcasesheet" time="26.228" classname="com.pellu.sight.patientinfo.Patienttestcase"/>
  <testcase name="multipatientcasesheet" time="45.368" classname="com.pellu.sight.patientinfo.Patienttestcase"/>
  <testcase name="multipatientcasesheet" time="51.377" classname="com.pellu.sight.patientinfo.Patienttestcase"/>
  <testcase name="multipatientcasesheet" time="28.378" classname="com.pellu.sight.patientinfo.Patienttestcase"/>
  <testcase name="multipatientcasesheet" time="36.077" classname="com.pellu.sight.patientinfo.Patienttestcase"/>
  <testcase name="multipatientcasesheet" time="29.976" classname="com.pellu.sight.patientinfo.Patienttestcase"/>
  <testcase name="multipatientcasesheet" time="44.909" classname="com.pellu.sight.patientinfo.Patienttestcase"/>
  <testcase name="multipatientcasesheet" time="57.265" classname="com.pellu.sight.patientinfo.Patienttestcase"/>
  <testcase name="multipatientcasesheet" time="113.641" classname="com.pellu.sight.patientinfo.Patienttestcase">
    <failure type="org.openqa.selenium.NoSuchElementException" message="An element could not be located on the page using the given search parameters. (WARNING: The server did not provide any stacktrace information)
Command duration or timeout: 0 milliseconds
For documentation on this error, please visit: http://seleniumhq.org/exceptions/no_such_element.html
Build info: version: &amp;apos;3.11.0&amp;apos;, revision: &amp;apos;e59cfb3&amp;apos;, time: &amp;apos;2018-03-11T20:26:55.152Z&amp;apos;
System info: host: &amp;apos;DESKTOP-KPGOHHF&amp;apos;, ip: &amp;apos;192.168.195.1&amp;apos;, os.name: &amp;apos;Windows 10&amp;apos;, os.arch: &amp;apos;amd64&amp;apos;, os.version: &amp;apos;10.0&amp;apos;, java.version: &amp;apos;1.8.0_144&amp;apos;
Driver info: io.appium.java_client.android.AndroidDriver
Capabilities {appActivity: md52d7fde6ba0664a6789700d1c..., appPackage: Sightsavers.Sightsavers, databaseEnabled: false, desired: {appActivity: md52d7fde6ba0664a6789700d1c..., appPackage: Sightsavers.Sightsavers, deviceName: Lenova TB3-730X, platformName: android, platformVersion: 6.0}, deviceManufacturer: LENOVO, deviceModel: Lenovo TB3-730X, deviceName: 4L55V475DM8HYPFM, deviceScreenSize: 600x1024, deviceUDID: 4L55V475DM8HYPFM, javascriptEnabled: true, locationContextEnabled: false, networkConnectionEnabled: true, platform: LINUX, platformName: LINUX, platformVersion: 6.0, takesScreenshot: true, warnings: {}, webStorageEnabled: false}
Session ID: 87d1086b-13d4-4972-b313-6da3597b8af2
*** Element info: {Using=-android uiautomator, value=new UiScrollable(new UiSelector().className(&amp;quot;android.widget.ScrollView&amp;quot;)).scrollIntoView(new UiSelector().text(&amp;quot;Save&amp;quot;))}">
      <![CDATA[org.openqa.selenium.NoSuchElementException: An element could not be located on the page using the given search parameters. (WARNING: The server did not provide any stacktrace information)
Command duration or timeout: 0 milliseconds
For documentation on this error, please visit: http://seleniumhq.org/exceptions/no_such_element.html
Build info: version: '3.11.0', revision: 'e59cfb3', time: '2018-03-11T20:26:55.152Z'
System info: host: 'DESKTOP-KPGOHHF', ip: '192.168.195.1', os.name: 'Windows 10', os.arch: 'amd64', os.version: '10.0', java.version: '1.8.0_144'
Driver info: io.appium.java_client.android.AndroidDriver
Capabilities {appActivity: md52d7fde6ba0664a6789700d1c..., appPackage: Sightsavers.Sightsavers, databaseEnabled: false, desired: {appActivity: md52d7fde6ba0664a6789700d1c..., appPackage: Sightsavers.Sightsavers, deviceName: Lenova TB3-730X, platformName: android, platformVersion: 6.0}, deviceManufacturer: LENOVO, deviceModel: Lenovo TB3-730X, deviceName: 4L55V475DM8HYPFM, deviceScreenSize: 600x1024, deviceUDID: 4L55V475DM8HYPFM, javascriptEnabled: true, locationContextEnabled: false, networkConnectionEnabled: true, platform: LINUX, platformName: LINUX, platformVersion: 6.0, takesScreenshot: true, warnings: {}, webStorageEnabled: false}
Session ID: 87d1086b-13d4-4972-b313-6da3597b8af2
*** Element info: {Using=-android uiautomator, value=new UiScrollable(new UiSelector().className("android.widget.ScrollView")).scrollIntoView(new UiSelector().text("Save"))}
at org.openqa.selenium.remote.ErrorHandler.createThrowable(ErrorHandler.java:214)
at org.openqa.selenium.remote.ErrorHandler.throwIfResponseFailed(ErrorHandler.java:166)
at org.openqa.selenium.remote.http.JsonHttpResponseCodec.reconstructValue(JsonHttpResponseCodec.java:40)
at org.openqa.selenium.remote.http.AbstractHttpResponseCodec.decode(AbstractHttpResponseCodec.java:80)
at org.openqa.selenium.remote.http.AbstractHttpResponseCodec.decode(AbstractHttpResponseCodec.java:44)
at org.openqa.selenium.remote.HttpCommandExecutor.execute(HttpCommandExecutor.java:158)
at io.appium.java_client.remote.AppiumCommandExecutor.execute(AppiumCommandExecutor.java:129)
at org.openqa.selenium.remote.RemoteWebDriver.execute(RemoteWebDriver.java:545)
at io.appium.java_client.DefaultGenericMobileDriver.execute(DefaultGenericMobileDriver.java:42)
at io.appium.java_client.AppiumDriver.execute(AppiumDriver.java:1)
at io.appium.java_client.android.AndroidDriver.execute(AndroidDriver.java:1)
at org.openqa.selenium.remote.RemoteWebDriver.findElement(RemoteWebDriver.java:319)
at io.appium.java_client.DefaultGenericMobileDriver.findElement(DefaultGenericMobileDriver.java:62)
at io.appium.java_client.AppiumDriver.findElement(AppiumDriver.java:1)
at io.appium.java_client.android.AndroidDriver.findElement(AndroidDriver.java:1)
at io.appium.java_client.FindsByAndroidUIAutomator.findElementByAndroidUIAutomator(FindsByAndroidUIAutomator.java:38)
at io.appium.java_client.MobileBy$ByAndroidUIAutomator.findElement(MobileBy.java:236)
at org.openqa.selenium.remote.RemoteWebDriver.findElement(RemoteWebDriver.java:311)
at io.appium.java_client.DefaultGenericMobileDriver.findElement(DefaultGenericMobileDriver.java:58)
at io.appium.java_client.AppiumDriver.findElement(AppiumDriver.java:1)
at io.appium.java_client.android.AndroidDriver.findElement(AndroidDriver.java:1)
at com.pellu.sight.patientinfopage.Patienttestpage.scrollbyelement(Patienttestpage.java:946)
at com.pellu.sight.patientinfopage.Patienttestpage.multi_casesheet_savescroll(Patienttestpage.java:819)
at com.pellu.sight.patientinfo.Patienttestcase.screencasesheet(Patienttestcase.java:197)
at com.pellu.sight.patientinfo.Patienttestcase.multipatientcasesheet(Patienttestcase.java:96)
... Removed 29 stack frames]]>
    </failure>
  </testcase> <!-- multipatientcasesheet -->
  <testcase name="multipatientglass" time="0.0" classname="com.pellu.sight.patientinfo.Patienttestcase">
    <ignored/>
  </testcase> <!-- multipatientglass -->
  <testcase name="multipatientregistration" time="0.0" classname="com.pellu.sight.patientinfo.Patienttestcase">
    <ignored/>
  </testcase> <!-- multipatientregistration -->
  <testcase name="patientregistration" time="0.0" classname="com.pellu.sight.patientinfo.Patienttestcase">
    <ignored/>
  </testcase> <!-- patientregistration -->
</testsuite> <!-- Patient casesheet -->
