<?xml version="1.0" encoding="UTF-8"?>
<!-- Generated by org.testng.reporters.JUnitXMLReporter -->
<testsuite hostname="DESKTOP-KPGOHHF" ignored="3" name="Glass prescription" tests="14" failures="9" timestamp="19 Sep 2018 07:44:22 GMT" time="770.27" errors="0">
  <testcase name="initialization" time="24.77" classname="com.pellu.sight.patientinfo.Patienttestcase"/>
  <testcase name="login" time="28.592" classname="com.pellu.sight.patientinfo.Patienttestcase"/>
  <testcase name="campdetailscreen" time="30.516" classname="com.pellu.sight.patientinfo.Patienttestcase"/>
  <testcase name="multipatientglass" time="145.61" classname="com.pellu.sight.patientinfo.Patienttestcase"/>
  <testcase name="multipatientglass" time="136.392" classname="com.pellu.sight.patientinfo.Patienttestcase"/>
  <testcase name="multipatientglass" time="63.162" classname="com.pellu.sight.patientinfo.Patienttestcase">
    <failure type="org.openqa.selenium.NoSuchElementException" message="An element could not be located on the page using the given search parameters. (WARNING: The server did not provide any stacktrace information)
Command duration or timeout: 0 milliseconds
For documentation on this error, please visit: http://seleniumhq.org/exceptions/no_such_element.html
Build info: version: &amp;apos;3.11.0&amp;apos;, revision: &amp;apos;e59cfb3&amp;apos;, time: &amp;apos;2018-03-11T20:26:55.152Z&amp;apos;
System info: host: &amp;apos;DESKTOP-KPGOHHF&amp;apos;, ip: &amp;apos;192.168.195.1&amp;apos;, os.name: &amp;apos;Windows 10&amp;apos;, os.arch: &amp;apos;amd64&amp;apos;, os.version: &amp;apos;10.0&amp;apos;, java.version: &amp;apos;1.8.0_144&amp;apos;
Driver info: io.appium.java_client.android.AndroidDriver
Capabilities {appActivity: md52d7fde6ba0664a6789700d1c..., appPackage: Sightsavers.Sightsavers, databaseEnabled: false, desired: {appActivity: md52d7fde6ba0664a6789700d1c..., appPackage: Sightsavers.Sightsavers, deviceName: Lenova PB1-750M, platformName: android, platformVersion: 6.0.1}, deviceManufacturer: LENOVO, deviceModel: Lenovo PB1-750M, deviceName: bb15ee52, deviceScreenSize: 720x1280, deviceUDID: bb15ee52, javascriptEnabled: true, locationContextEnabled: false, networkConnectionEnabled: true, platform: LINUX, platformName: LINUX, platformVersion: 6.0.1, takesScreenshot: true, warnings: {}, webStorageEnabled: false}
Session ID: ab5c85e3-d45f-4397-ae94-7f4f9f31fed0
*** Element info: {Using=-android uiautomator, value=new UiScrollable(new UiSelector().className(&amp;quot;android.widget.ListView&amp;quot;)).scrollIntoView(new UiSelector().text(&amp;quot;6/6&amp;quot;))}">
      <![CDATA[org.openqa.selenium.NoSuchElementException: An element could not be located on the page using the given search parameters. (WARNING: The server did not provide any stacktrace information)
Command duration or timeout: 0 milliseconds
For documentation on this error, please visit: http://seleniumhq.org/exceptions/no_such_element.html
Build info: version: '3.11.0', revision: 'e59cfb3', time: '2018-03-11T20:26:55.152Z'
System info: host: 'DESKTOP-KPGOHHF', ip: '192.168.195.1', os.name: 'Windows 10', os.arch: 'amd64', os.version: '10.0', java.version: '1.8.0_144'
Driver info: io.appium.java_client.android.AndroidDriver
Capabilities {appActivity: md52d7fde6ba0664a6789700d1c..., appPackage: Sightsavers.Sightsavers, databaseEnabled: false, desired: {appActivity: md52d7fde6ba0664a6789700d1c..., appPackage: Sightsavers.Sightsavers, deviceName: Lenova PB1-750M, platformName: android, platformVersion: 6.0.1}, deviceManufacturer: LENOVO, deviceModel: Lenovo PB1-750M, deviceName: bb15ee52, deviceScreenSize: 720x1280, deviceUDID: bb15ee52, javascriptEnabled: true, locationContextEnabled: false, networkConnectionEnabled: true, platform: LINUX, platformName: LINUX, platformVersion: 6.0.1, takesScreenshot: true, warnings: {}, webStorageEnabled: false}
Session ID: ab5c85e3-d45f-4397-ae94-7f4f9f31fed0
*** Element info: {Using=-android uiautomator, value=new UiScrollable(new UiSelector().className("android.widget.ListView")).scrollIntoView(new UiSelector().text("6/6"))}
at org.openqa.selenium.remote.ErrorHandler.createThrowable(ErrorHandler.java:214)
at org.openqa.selenium.remote.ErrorHandler.throwIfResponseFailed(ErrorHandler.java:166)
at org.openqa.selenium.remote.http.JsonHttpResponseCodec.reconstructValue(JsonHttpResponseCodec.java:40)
at org.openqa.selenium.remote.http.AbstractHttpResponseCodec.decode(AbstractHttpResponseCodec.java:80)
at org.openqa.selenium.remote.http.AbstractHttpResponseCodec.decode(AbstractHttpResponseCodec.java:44)
at org.openqa.selenium.remote.HttpCommandExecutor.execute(HttpCommandExecutor.java:158)
at io.appium.java_client.remote.AppiumCommandExecutor.execute(AppiumCommandExecutor.java:129)
at org.openqa.selenium.remote.RemoteWebDriver.execute(RemoteWebDriver.java:545)
at io.appium.java_client.DefaultGenericMobileDriver.execute(DefaultGenericMobileDriver.java:42)
at io.appium.java_client.AppiumDriver.execute(AppiumDriver.java:1)
at io.appium.java_client.android.AndroidDriver.execute(AndroidDriver.java:1)
at org.openqa.selenium.remote.RemoteWebDriver.findElement(RemoteWebDriver.java:319)
at io.appium.java_client.DefaultGenericMobileDriver.findElement(DefaultGenericMobileDriver.java:62)
at io.appium.java_client.AppiumDriver.findElement(AppiumDriver.java:1)
at io.appium.java_client.android.AndroidDriver.findElement(AndroidDriver.java:1)
at io.appium.java_client.FindsByAndroidUIAutomator.findElementByAndroidUIAutomator(FindsByAndroidUIAutomator.java:38)
at io.appium.java_client.MobileBy$ByAndroidUIAutomator.findElement(MobileBy.java:236)
at org.openqa.selenium.remote.RemoteWebDriver.findElement(RemoteWebDriver.java:311)
at io.appium.java_client.DefaultGenericMobileDriver.findElement(DefaultGenericMobileDriver.java:58)
at io.appium.java_client.AppiumDriver.findElement(AppiumDriver.java:1)
at io.appium.java_client.android.AndroidDriver.findElement(AndroidDriver.java:1)
at com.pellu.sight.patientinfopage.Patienttestpage.scrollbyelementlistland(Patienttestpage.java:970)
at com.pellu.sight.patientinfopage.Patienttestpage.Glass_rightdistance_va(Patienttestpage.java:683)
at com.pellu.sight.patientinfo.Patienttestcase.screenglassvalues(Patienttestcase.java:213)
at com.pellu.sight.patientinfo.Patienttestcase.multipatientglass(Patienttestcase.java:115)
... Removed 29 stack frames]]>
    </failure>
  </testcase> <!-- multipatientglass -->
  <testcase name="multipatientglass" time="41.153" classname="com.pellu.sight.patientinfo.Patienttestcase">
    <failure type="org.openqa.selenium.TimeoutException" message="Expected condition failed: waiting for visibility of element located by By.className: android.widget.ImageButton (tried for 35 second(s) with 500 milliseconds interval)">
      <![CDATA[org.openqa.selenium.TimeoutException: Expected condition failed: waiting for visibility of element located by By.className: android.widget.ImageButton (tried for 35 second(s) with 500 milliseconds interval)
at org.openqa.selenium.support.ui.WebDriverWait.timeoutException(WebDriverWait.java:81)
at org.openqa.selenium.support.ui.FluentWait.until(FluentWait.java:271)
at com.pellu.sight.patientinfopage.Patienttestpage.multi_worklistglass(Patienttestpage.java:837)
at com.pellu.sight.patientinfo.Patienttestcase.multipatientglass(Patienttestcase.java:113)
Caused by: org.openqa.selenium.NoSuchElementException: Cannot locate an element using By.className: android.widget.ImageButton
For documentation on this error, please visit: http://seleniumhq.org/exceptions/no_such_element.html
Build info: version: '3.11.0', revision: 'e59cfb3', time: '2018-03-11T20:26:55.152Z'
System info: host: 'DESKTOP-KPGOHHF', ip: '192.168.195.1', os.name: 'Windows 10', os.arch: 'amd64', os.version: '10.0', java.version: '1.8.0_144'
Driver info: driver.version: unknown
at org.openqa.selenium.support.ui.ExpectedConditions.lambda$findElement$0(ExpectedConditions.java:896)
at java.util.Optional.orElseThrow(Optional.java:290)
at org.openqa.selenium.support.ui.ExpectedConditions.findElement(ExpectedConditions.java:895)
at org.openqa.selenium.support.ui.ExpectedConditions.access$000(ExpectedConditions.java:44)
at org.openqa.selenium.support.ui.ExpectedConditions$7.apply(ExpectedConditions.java:206)
at org.openqa.selenium.support.ui.ExpectedConditions$7.apply(ExpectedConditions.java:202)
at org.openqa.selenium.support.ui.FluentWait.until(FluentWait.java:248)
... 27 more
... Removed 25 stack frames]]>
    </failure>
  </testcase> <!-- multipatientglass -->
  <testcase name="multipatientglass" time="40.851" classname="com.pellu.sight.patientinfo.Patienttestcase">
    <failure type="org.openqa.selenium.TimeoutException" message="Expected condition failed: waiting for visibility of element located by By.className: android.widget.ImageButton (tried for 35 second(s) with 500 milliseconds interval)">
      <![CDATA[org.openqa.selenium.TimeoutException: Expected condition failed: waiting for visibility of element located by By.className: android.widget.ImageButton (tried for 35 second(s) with 500 milliseconds interval)
at org.openqa.selenium.support.ui.WebDriverWait.timeoutException(WebDriverWait.java:81)
at org.openqa.selenium.support.ui.FluentWait.until(FluentWait.java:271)
at com.pellu.sight.patientinfopage.Patienttestpage.multi_worklistglass(Patienttestpage.java:837)
at com.pellu.sight.patientinfo.Patienttestcase.multipatientglass(Patienttestcase.java:113)
Caused by: org.openqa.selenium.NoSuchElementException: Cannot locate an element using By.className: android.widget.ImageButton
For documentation on this error, please visit: http://seleniumhq.org/exceptions/no_such_element.html
Build info: version: '3.11.0', revision: 'e59cfb3', time: '2018-03-11T20:26:55.152Z'
System info: host: 'DESKTOP-KPGOHHF', ip: '192.168.195.1', os.name: 'Windows 10', os.arch: 'amd64', os.version: '10.0', java.version: '1.8.0_144'
Driver info: driver.version: unknown
at org.openqa.selenium.support.ui.ExpectedConditions.lambda$findElement$0(ExpectedConditions.java:896)
at java.util.Optional.orElseThrow(Optional.java:290)
at org.openqa.selenium.support.ui.ExpectedConditions.findElement(ExpectedConditions.java:895)
at org.openqa.selenium.support.ui.ExpectedConditions.access$000(ExpectedConditions.java:44)
at org.openqa.selenium.support.ui.ExpectedConditions$7.apply(ExpectedConditions.java:206)
at org.openqa.selenium.support.ui.ExpectedConditions$7.apply(ExpectedConditions.java:202)
at org.openqa.selenium.support.ui.FluentWait.until(FluentWait.java:248)
... 27 more
... Removed 25 stack frames]]>
    </failure>
  </testcase> <!-- multipatientglass -->
  <testcase name="multipatientglass" time="40.901" classname="com.pellu.sight.patientinfo.Patienttestcase">
    <failure type="org.openqa.selenium.TimeoutException" message="Expected condition failed: waiting for visibility of element located by By.className: android.widget.ImageButton (tried for 35 second(s) with 500 milliseconds interval)">
      <![CDATA[org.openqa.selenium.TimeoutException: Expected condition failed: waiting for visibility of element located by By.className: android.widget.ImageButton (tried for 35 second(s) with 500 milliseconds interval)
at org.openqa.selenium.support.ui.WebDriverWait.timeoutException(WebDriverWait.java:81)
at org.openqa.selenium.support.ui.FluentWait.until(FluentWait.java:271)
at com.pellu.sight.patientinfopage.Patienttestpage.multi_worklistglass(Patienttestpage.java:837)
at com.pellu.sight.patientinfo.Patienttestcase.multipatientglass(Patienttestcase.java:113)
Caused by: org.openqa.selenium.NoSuchElementException: Cannot locate an element using By.className: android.widget.ImageButton
For documentation on this error, please visit: http://seleniumhq.org/exceptions/no_such_element.html
Build info: version: '3.11.0', revision: 'e59cfb3', time: '2018-03-11T20:26:55.152Z'
System info: host: 'DESKTOP-KPGOHHF', ip: '192.168.195.1', os.name: 'Windows 10', os.arch: 'amd64', os.version: '10.0', java.version: '1.8.0_144'
Driver info: driver.version: unknown
at org.openqa.selenium.support.ui.ExpectedConditions.lambda$findElement$0(ExpectedConditions.java:896)
at java.util.Optional.orElseThrow(Optional.java:290)
at org.openqa.selenium.support.ui.ExpectedConditions.findElement(ExpectedConditions.java:895)
at org.openqa.selenium.support.ui.ExpectedConditions.access$000(ExpectedConditions.java:44)
at org.openqa.selenium.support.ui.ExpectedConditions$7.apply(ExpectedConditions.java:206)
at org.openqa.selenium.support.ui.ExpectedConditions$7.apply(ExpectedConditions.java:202)
at org.openqa.selenium.support.ui.FluentWait.until(FluentWait.java:248)
... 27 more
... Removed 25 stack frames]]>
    </failure>
  </testcase> <!-- multipatientglass -->
  <testcase name="multipatientglass" time="40.854" classname="com.pellu.sight.patientinfo.Patienttestcase">
    <failure type="org.openqa.selenium.TimeoutException" message="Expected condition failed: waiting for visibility of element located by By.className: android.widget.ImageButton (tried for 35 second(s) with 500 milliseconds interval)">
      <![CDATA[org.openqa.selenium.TimeoutException: Expected condition failed: waiting for visibility of element located by By.className: android.widget.ImageButton (tried for 35 second(s) with 500 milliseconds interval)
at org.openqa.selenium.support.ui.WebDriverWait.timeoutException(WebDriverWait.java:81)
at org.openqa.selenium.support.ui.FluentWait.until(FluentWait.java:271)
at com.pellu.sight.patientinfopage.Patienttestpage.multi_worklistglass(Patienttestpage.java:837)
at com.pellu.sight.patientinfo.Patienttestcase.multipatientglass(Patienttestcase.java:113)
Caused by: org.openqa.selenium.NoSuchElementException: Cannot locate an element using By.className: android.widget.ImageButton
For documentation on this error, please visit: http://seleniumhq.org/exceptions/no_such_element.html
Build info: version: '3.11.0', revision: 'e59cfb3', time: '2018-03-11T20:26:55.152Z'
System info: host: 'DESKTOP-KPGOHHF', ip: '192.168.195.1', os.name: 'Windows 10', os.arch: 'amd64', os.version: '10.0', java.version: '1.8.0_144'
Driver info: driver.version: unknown
at org.openqa.selenium.support.ui.ExpectedConditions.lambda$findElement$0(ExpectedConditions.java:896)
at java.util.Optional.orElseThrow(Optional.java:290)
at org.openqa.selenium.support.ui.ExpectedConditions.findElement(ExpectedConditions.java:895)
at org.openqa.selenium.support.ui.ExpectedConditions.access$000(ExpectedConditions.java:44)
at org.openqa.selenium.support.ui.ExpectedConditions$7.apply(ExpectedConditions.java:206)
at org.openqa.selenium.support.ui.ExpectedConditions$7.apply(ExpectedConditions.java:202)
at org.openqa.selenium.support.ui.FluentWait.until(FluentWait.java:248)
... 27 more
... Removed 25 stack frames]]>
    </failure>
  </testcase> <!-- multipatientglass -->
  <testcase name="multipatientglass" time="41.346" classname="com.pellu.sight.patientinfo.Patienttestcase">
    <failure type="org.openqa.selenium.TimeoutException" message="Expected condition failed: waiting for visibility of element located by By.className: android.widget.ImageButton (tried for 35 second(s) with 500 milliseconds interval)">
      <![CDATA[org.openqa.selenium.TimeoutException: Expected condition failed: waiting for visibility of element located by By.className: android.widget.ImageButton (tried for 35 second(s) with 500 milliseconds interval)
at org.openqa.selenium.support.ui.WebDriverWait.timeoutException(WebDriverWait.java:81)
at org.openqa.selenium.support.ui.FluentWait.until(FluentWait.java:271)
at com.pellu.sight.patientinfopage.Patienttestpage.multi_worklistglass(Patienttestpage.java:837)
at com.pellu.sight.patientinfo.Patienttestcase.multipatientglass(Patienttestcase.java:113)
Caused by: org.openqa.selenium.NoSuchElementException: Cannot locate an element using By.className: android.widget.ImageButton
For documentation on this error, please visit: http://seleniumhq.org/exceptions/no_such_element.html
Build info: version: '3.11.0', revision: 'e59cfb3', time: '2018-03-11T20:26:55.152Z'
System info: host: 'DESKTOP-KPGOHHF', ip: '192.168.195.1', os.name: 'Windows 10', os.arch: 'amd64', os.version: '10.0', java.version: '1.8.0_144'
Driver info: driver.version: unknown
at org.openqa.selenium.support.ui.ExpectedConditions.lambda$findElement$0(ExpectedConditions.java:896)
at java.util.Optional.orElseThrow(Optional.java:290)
at org.openqa.selenium.support.ui.ExpectedConditions.findElement(ExpectedConditions.java:895)
at org.openqa.selenium.support.ui.ExpectedConditions.access$000(ExpectedConditions.java:44)
at org.openqa.selenium.support.ui.ExpectedConditions$7.apply(ExpectedConditions.java:206)
at org.openqa.selenium.support.ui.ExpectedConditions$7.apply(ExpectedConditions.java:202)
at org.openqa.selenium.support.ui.FluentWait.until(FluentWait.java:248)
... 27 more
... Removed 25 stack frames]]>
    </failure>
  </testcase> <!-- multipatientglass -->
  <testcase name="multipatientglass" time="41.151" classname="com.pellu.sight.patientinfo.Patienttestcase">
    <failure type="org.openqa.selenium.TimeoutException" message="Expected condition failed: waiting for visibility of element located by By.className: android.widget.ImageButton (tried for 35 second(s) with 500 milliseconds interval)">
      <![CDATA[org.openqa.selenium.TimeoutException: Expected condition failed: waiting for visibility of element located by By.className: android.widget.ImageButton (tried for 35 second(s) with 500 milliseconds interval)
at org.openqa.selenium.support.ui.WebDriverWait.timeoutException(WebDriverWait.java:81)
at org.openqa.selenium.support.ui.FluentWait.until(FluentWait.java:271)
at com.pellu.sight.patientinfopage.Patienttestpage.multi_worklistglass(Patienttestpage.java:837)
at com.pellu.sight.patientinfo.Patienttestcase.multipatientglass(Patienttestcase.java:113)
Caused by: org.openqa.selenium.NoSuchElementException: Cannot locate an element using By.className: android.widget.ImageButton
For documentation on this error, please visit: http://seleniumhq.org/exceptions/no_such_element.html
Build info: version: '3.11.0', revision: 'e59cfb3', time: '2018-03-11T20:26:55.152Z'
System info: host: 'DESKTOP-KPGOHHF', ip: '192.168.195.1', os.name: 'Windows 10', os.arch: 'amd64', os.version: '10.0', java.version: '1.8.0_144'
Driver info: driver.version: unknown
at org.openqa.selenium.support.ui.ExpectedConditions.lambda$findElement$0(ExpectedConditions.java:896)
at java.util.Optional.orElseThrow(Optional.java:290)
at org.openqa.selenium.support.ui.ExpectedConditions.findElement(ExpectedConditions.java:895)
at org.openqa.selenium.support.ui.ExpectedConditions.access$000(ExpectedConditions.java:44)
at org.openqa.selenium.support.ui.ExpectedConditions$7.apply(ExpectedConditions.java:206)
at org.openqa.selenium.support.ui.ExpectedConditions$7.apply(ExpectedConditions.java:202)
at org.openqa.selenium.support.ui.FluentWait.until(FluentWait.java:248)
... 27 more
... Removed 25 stack frames]]>
    </failure>
  </testcase> <!-- multipatientglass -->
  <testcase name="multipatientglass" time="41.709" classname="com.pellu.sight.patientinfo.Patienttestcase">
    <failure type="org.openqa.selenium.TimeoutException" message="Expected condition failed: waiting for visibility of element located by By.className: android.widget.ImageButton (tried for 35 second(s) with 500 milliseconds interval)">
      <![CDATA[org.openqa.selenium.TimeoutException: Expected condition failed: waiting for visibility of element located by By.className: android.widget.ImageButton (tried for 35 second(s) with 500 milliseconds interval)
at org.openqa.selenium.support.ui.WebDriverWait.timeoutException(WebDriverWait.java:81)
at org.openqa.selenium.support.ui.FluentWait.until(FluentWait.java:271)
at com.pellu.sight.patientinfopage.Patienttestpage.multi_worklistglass(Patienttestpage.java:837)
at com.pellu.sight.patientinfo.Patienttestcase.multipatientglass(Patienttestcase.java:113)
Caused by: org.openqa.selenium.NoSuchElementException: Cannot locate an element using By.className: android.widget.ImageButton
For documentation on this error, please visit: http://seleniumhq.org/exceptions/no_such_element.html
Build info: version: '3.11.0', revision: 'e59cfb3', time: '2018-03-11T20:26:55.152Z'
System info: host: 'DESKTOP-KPGOHHF', ip: '192.168.195.1', os.name: 'Windows 10', os.arch: 'amd64', os.version: '10.0', java.version: '1.8.0_144'
Driver info: driver.version: unknown
at org.openqa.selenium.support.ui.ExpectedConditions.lambda$findElement$0(ExpectedConditions.java:896)
at java.util.Optional.orElseThrow(Optional.java:290)
at org.openqa.selenium.support.ui.ExpectedConditions.findElement(ExpectedConditions.java:895)
at org.openqa.selenium.support.ui.ExpectedConditions.access$000(ExpectedConditions.java:44)
at org.openqa.selenium.support.ui.ExpectedConditions$7.apply(ExpectedConditions.java:206)
at org.openqa.selenium.support.ui.ExpectedConditions$7.apply(ExpectedConditions.java:202)
at org.openqa.selenium.support.ui.FluentWait.until(FluentWait.java:248)
... 27 more
... Removed 25 stack frames]]>
    </failure>
  </testcase> <!-- multipatientglass -->
  <testcase name="multipatientglass" time="41.975" classname="com.pellu.sight.patientinfo.Patienttestcase">
    <failure type="org.openqa.selenium.TimeoutException" message="Expected condition failed: waiting for visibility of element located by By.className: android.widget.ImageButton (tried for 35 second(s) with 500 milliseconds interval)">
      <![CDATA[org.openqa.selenium.TimeoutException: Expected condition failed: waiting for visibility of element located by By.className: android.widget.ImageButton (tried for 35 second(s) with 500 milliseconds interval)
at org.openqa.selenium.support.ui.WebDriverWait.timeoutException(WebDriverWait.java:81)
at org.openqa.selenium.support.ui.FluentWait.until(FluentWait.java:271)
at com.pellu.sight.patientinfopage.Patienttestpage.multi_worklistglass(Patienttestpage.java:837)
at com.pellu.sight.patientinfo.Patienttestcase.multipatientglass(Patienttestcase.java:113)
Caused by: org.openqa.selenium.NoSuchElementException: Cannot locate an element using By.className: android.widget.ImageButton
For documentation on this error, please visit: http://seleniumhq.org/exceptions/no_such_element.html
Build info: version: '3.11.0', revision: 'e59cfb3', time: '2018-03-11T20:26:55.152Z'
System info: host: 'DESKTOP-KPGOHHF', ip: '192.168.195.1', os.name: 'Windows 10', os.arch: 'amd64', os.version: '10.0', java.version: '1.8.0_144'
Driver info: driver.version: unknown
at org.openqa.selenium.support.ui.ExpectedConditions.lambda$findElement$0(ExpectedConditions.java:896)
at java.util.Optional.orElseThrow(Optional.java:290)
at org.openqa.selenium.support.ui.ExpectedConditions.findElement(ExpectedConditions.java:895)
at org.openqa.selenium.support.ui.ExpectedConditions.access$000(ExpectedConditions.java:44)
at org.openqa.selenium.support.ui.ExpectedConditions$7.apply(ExpectedConditions.java:206)
at org.openqa.selenium.support.ui.ExpectedConditions$7.apply(ExpectedConditions.java:202)
at org.openqa.selenium.support.ui.FluentWait.until(FluentWait.java:248)
... 27 more
... Removed 25 stack frames]]>
    </failure>
  </testcase> <!-- multipatientglass -->
  <testcase name="multipatientregistration" time="0.0" classname="com.pellu.sight.patientinfo.Patienttestcase">
    <ignored/>
  </testcase> <!-- multipatientregistration -->
  <testcase name="patientregistration" time="0.0" classname="com.pellu.sight.patientinfo.Patienttestcase">
    <ignored/>
  </testcase> <!-- patientregistration -->
  <testcase name="multipatientcasesheet" time="0.0" classname="com.pellu.sight.patientinfo.Patienttestcase">
    <ignored/>
  </testcase> <!-- multipatientcasesheet -->
</testsuite> <!-- Glass prescription -->
